app/build/intermediates/manifest_merge_blame_file/debug/processDebugMainManifest/manifest-merger-blame-debug-report.txt
1<?xml version="1.0" encoding="utf-8"?>
2<manifest xmlns:android="http://schemas.android.com/apk/res/android"
3    package="org.libsdl.hello"
4    android:installLocation="auto"
5    android:versionCode="1"
6    android:versionName="1.0" >
7
8    <uses-sdk
9        android:minSdkVersion="21"
10        android:targetSdkVersion="35" />
11
12    <!-- OpenGL ES 2.0 -->
13    <uses-feature android:glEsVersion="0x00020000" />
13-->src\main\AndroidManifest.xml:8:5-54
13-->src\main\AndroidManifest.xml:8:19-51
14
15    <!-- Touchscreen support -->
16    <uses-feature
16-->src\main\AndroidManifest.xml:11:5-13:36
17        android:name="android.hardware.touchscreen"
17-->src\main\AndroidManifest.xml:12:9-52
18        android:required="false" />
18-->src\main\AndroidManifest.xml:13:9-33
19
20    <!-- Game controller support -->
21    <uses-feature
21-->src\main\AndroidManifest.xml:16:5-18:36
22        android:name="android.hardware.bluetooth"
22-->src\main\AndroidManifest.xml:17:9-50
23        android:required="false" />
23-->src\main\AndroidManifest.xml:18:9-33
24    <uses-feature
24-->src\main\AndroidManifest.xml:19:5-21:36
25        android:name="android.hardware.gamepad"
25-->src\main\AndroidManifest.xml:20:9-48
26        android:required="false" />
26-->src\main\AndroidManifest.xml:21:9-33
27    <uses-feature
27-->src\main\AndroidManifest.xml:22:5-24:36
28        android:name="android.hardware.usb.host"
28-->src\main\AndroidManifest.xml:23:9-49
29        android:required="false" />
29-->src\main\AndroidManifest.xml:24:9-33
30
31    <!-- External mouse input events -->
32    <uses-feature
32-->src\main\AndroidManifest.xml:27:5-29:36
33        android:name="android.hardware.type.pc"
33-->src\main\AndroidManifest.xml:28:9-48
34        android:required="false" />
34-->src\main\AndroidManifest.xml:29:9-33
35
36    <!-- Audio recording support -->
37    <!-- if you want to record audio, uncomment this. -->
38    <!-- <uses-permission android:name="android.permission.RECORD_AUDIO" /> -->
39    <!--
40         <uses-feature
41        android:name="android.hardware.microphone"
42        android:required="false" />
43    -->
44
45
46    <!-- Camera support -->
47    <!-- if you want to record video, uncomment this. -->
48    <!--
49    <uses-permission android:name="android.permission.CAMERA" />
50    <uses-feature android:name="android.hardware.camera" />
51    -->
52
53
54    <!-- Allow downloading to the external storage on Android 5.1 and older -->
55    <!-- <uses-permission android:name="android.permission.WRITE_EXTERNAL_STORAGE" android:maxSdkVersion="22" /> -->
56
57
58    <!-- Allow access to Bluetooth devices -->
59    <!-- Currently this is just for Steam Controller support and requires setting SDL_HINT_JOYSTICK_HIDAPI_STEAM -->
60    <!-- <uses-permission android:name="android.permission.BLUETOOTH" android:maxSdkVersion="30" /> -->
61    <!-- <uses-permission android:name="android.permission.BLUETOOTH_CONNECT" /> -->
62
63
64    <!-- Allow access to the vibrator -->
65    <uses-permission android:name="android.permission.VIBRATE" />
65-->src\main\AndroidManifest.xml:54:5-66
65-->src\main\AndroidManifest.xml:54:22-63
66
67    <!-- Allow access to Internet -->
68    <!-- if you want to connect to the network or internet, uncomment this. -->
69<!--     <uses-permission android:name="android.permission.INTERNET" /> -->
70    <!--
71 Create a Java class extending SDLActivity and place it in a
72         directory under app/src/main/java matching the package, e.g. app/src/main/java/com/gamemaker/game/MyGame.java
73
74         then replace "SDLActivity" with the name of your class (e.g. "MyGame")
75         in the XML below.
76
77         An example Java class can be found in README-android.md
78    -->
79    <application
79-->src\main\AndroidManifest.xml:70:5-106:19
80        android:allowBackup="true"
80-->src\main\AndroidManifest.xml:72:9-35
81        android:debuggable="true"
82        android:enableOnBackInvokedCallback="false"
82-->src\main\AndroidManifest.xml:74:9-52
83        android:extractNativeLibs="true"
84        android:hardwareAccelerated="true"
84-->src\main\AndroidManifest.xml:75:9-43
85        android:icon="@mipmap/ic_launcher"
85-->src\main\AndroidManifest.xml:71:9-43
86        android:label="@string/app_name"
86-->src\main\AndroidManifest.xml:70:18-50
87        android:testOnly="true"
88        android:theme="@style/AppTheme" >
88-->src\main\AndroidManifest.xml:73:9-40
89
90        <!--
91        Example of setting SDL hints from AndroidManifest.xml:
92        <meta-data android:name="SDL_ENV.SDL_ANDROID_TRAP_BACK_BUTTON" android:value="0"/>
93        -->
94
95        <activity
95-->src\main\AndroidManifest.xml:81:9-105:20
96            android:name="org.libsdl.hello.HelloActivity"
96-->src\main\AndroidManifest.xml:81:19-47
97            android:alwaysRetainTaskState="true"
97-->src\main\AndroidManifest.xml:83:13-49
98            android:configChanges="layoutDirection|locale|grammaticalGender|fontScale|fontWeightAdjustment|orientation|uiMode|screenLayout|screenSize|smallestScreenSize|keyboard|keyboardHidden|navigation"
98-->src\main\AndroidManifest.xml:85:13-205
99            android:exported="true"
99-->src\main\AndroidManifest.xml:87:13-36
100            android:label="@string/app_name"
100-->src\main\AndroidManifest.xml:82:13-45
101            android:launchMode="singleTop"
101-->src\main\AndroidManifest.xml:84:13-43
102            android:preferMinimalPostProcessing="true" >
102-->src\main\AndroidManifest.xml:86:13-55
103            <intent-filter>
103-->src\main\AndroidManifest.xml:89:13-92:29
104                <action android:name="android.intent.action.MAIN" />
104-->src\main\AndroidManifest.xml:90:17-69
104-->src\main\AndroidManifest.xml:90:25-66
105
106                <category android:name="android.intent.category.LAUNCHER" />
106-->src\main\AndroidManifest.xml:91:17-77
106-->src\main\AndroidManifest.xml:91:27-74
107            </intent-filter>
108            <!-- Let Android know that we can handle some USB devices and should receive this event -->
109            <intent-filter>
109-->src\main\AndroidManifest.xml:94:13-96:29
110                <action android:name="android.hardware.usb.action.USB_DEVICE_ATTACHED" />
110-->src\main\AndroidManifest.xml:95:17-90
110-->src\main\AndroidManifest.xml:95:25-87
111            </intent-filter>
112            <!-- Drop file event -->
113            <!--
114            <intent-filter>
115                <action android:name="android.intent.action.VIEW" />
116                <category android:name="android.intent.category.DEFAULT" />
117                <data android:mimeType="*/*" />
118            </intent-filter>
119            -->
120        </activity>
121    </application>
122
123</manifest>